Determining if the pthread_create exist failed with the following output:
Change Dir: /home/parth/reeds/build/CMakeFiles/CMakeTmp

Run Build Command:"/usr/bin/make" "cmTC_07551/fast"
/usr/bin/make -f CMakeFiles/cmTC_07551.dir/build.make CMakeFiles/cmTC_07551.dir/build
make[1]: Entering directory '/home/parth/reeds/build/CMakeFiles/CMakeTmp'
Building C object CMakeFiles/cmTC_07551.dir/CheckSymbolExists.c.o
/usr/bin/cc    -o CMakeFiles/cmTC_07551.dir/CheckSymbolExists.c.o   -c /home/parth/reeds/build/CMakeFiles/CMakeTmp/CheckSymbolExists.c
Linking C executable cmTC_07551
/usr/bin/cmake -E cmake_link_script CMakeFiles/cmTC_07551.dir/link.txt --verbose=1
/usr/bin/cc      -rdynamic CMakeFiles/cmTC_07551.dir/CheckSymbolExists.c.o  -o cmTC_07551 
CMakeFiles/cmTC_07551.dir/CheckSymbolExists.c.o: In function `main':
CheckSymbolExists.c:(.text+0x1b): undefined reference to `pthread_create'
collect2: error: ld returned 1 exit status
CMakeFiles/cmTC_07551.dir/build.make:97: recipe for target 'cmTC_07551' failed
make[1]: *** [cmTC_07551] Error 1
make[1]: Leaving directory '/home/parth/reeds/build/CMakeFiles/CMakeTmp'
Makefile:126: recipe for target 'cmTC_07551/fast' failed
make: *** [cmTC_07551/fast] Error 2

File /home/parth/reeds/build/CMakeFiles/CMakeTmp/CheckSymbolExists.c:
/* */
#include <pthread.h>

int main(int argc, char** argv)
{
  (void)argv;
#ifndef pthread_create
  return ((int*)(&pthread_create))[argc];
#else
  (void)argc;
  return 0;
#endif
}

Determining if the function pthread_create exists in the pthreads failed with the following output:
Change Dir: /home/parth/reeds/build/CMakeFiles/CMakeTmp

Run Build Command:"/usr/bin/make" "cmTC_4ce8f/fast"
/usr/bin/make -f CMakeFiles/cmTC_4ce8f.dir/build.make CMakeFiles/cmTC_4ce8f.dir/build
make[1]: Entering directory '/home/parth/reeds/build/CMakeFiles/CMakeTmp'
Building C object CMakeFiles/cmTC_4ce8f.dir/CheckFunctionExists.c.o
/usr/bin/cc   -DCHECK_FUNCTION_EXISTS=pthread_create   -o CMakeFiles/cmTC_4ce8f.dir/CheckFunctionExists.c.o   -c /usr/share/cmake-3.10/Modules/CheckFunctionExists.c
Linking C executable cmTC_4ce8f
/usr/bin/cmake -E cmake_link_script CMakeFiles/cmTC_4ce8f.dir/link.txt --verbose=1
/usr/bin/cc  -DCHECK_FUNCTION_EXISTS=pthread_create    -rdynamic CMakeFiles/cmTC_4ce8f.dir/CheckFunctionExists.c.o  -o cmTC_4ce8f -lpthreads 
/usr/bin/ld: cannot find -lpthreads
collect2: error: ld returned 1 exit status
CMakeFiles/cmTC_4ce8f.dir/build.make:97: recipe for target 'cmTC_4ce8f' failed
make[1]: *** [cmTC_4ce8f] Error 1
make[1]: Leaving directory '/home/parth/reeds/build/CMakeFiles/CMakeTmp'
Makefile:126: recipe for target 'cmTC_4ce8f/fast' failed
make: *** [cmTC_4ce8f/fast] Error 2


